<?xml version="1.0" encoding="UTF-8"?>
<testng-results ignored="0" total="1" passed="1" failed="0" skipped="0">
  <reporter-output>
  </reporter-output>
  <suite started-at="2019-05-01T15:08:18Z" name="Default suite" finished-at="2019-05-01T15:08:37Z" duration-ms="19359">
    <groups>
    </groups>
    <test started-at="2019-05-01T15:08:18Z" name="Default test" finished-at="2019-05-01T15:08:37Z" duration-ms="19359">
      <class name="DownloadFilechrome.Downloadfilechrome">
        <test-method is-config="true" signature="setUp()[pri:0, instance:DownloadFilechrome.Downloadfilechrome@4d1c00d0]" started-at="2019-05-01T20:38:18Z" name="setUp" finished-at="2019-05-01T20:38:24Z" duration-ms="6251" status="PASS">
          <reporter-output>
          </reporter-output>
        </test-method> <!-- setUp -->
        <test-method signature="downloadfiletest()[pri:0, instance:DownloadFilechrome.Downloadfilechrome@4d1c00d0]" started-at="2019-05-01T20:38:24Z" name="downloadfiletest" finished-at="2019-05-01T20:38:36Z" duration-ms="12081" status="PASS">
          <reporter-output>
          </reporter-output>
        </test-method> <!-- downloadfiletest -->
        <test-method is-config="true" signature="tearDown()[pri:0, instance:DownloadFilechrome.Downloadfilechrome@4d1c00d0]" started-at="2019-05-01T20:38:36Z" name="tearDown" finished-at="2019-05-01T20:38:37Z" duration-ms="913" status="PASS">
          <reporter-output>
          </reporter-output>
        </test-method> <!-- tearDown -->
      </class> <!-- DownloadFilechrome.Downloadfilechrome -->
    </test> <!-- Default test -->
  </suite> <!-- Default suite -->
</testng-results>
